<?xml version="1.0" encoding="UTF-8"?>
<!-- Generated by org.testng.reporters.JUnitXMLReporter -->
<testsuite ignored="0" hostname="HKB_INDIA" failures="0" tests="1" name="Default test" time="0.708" errors="0" timestamp="2023-08-03T10:52:51 IST">
  <testcase classname="hkbdevelopment.appium.BaseTest_HKB" name="@BeforeClass configAppium" time="0.637">
    <failure type="org.openqa.selenium.SessionNotCreatedException" message="Could not start a new session. Possible causes are invalid address of the remote server or browser start-up failure. 
Host info: host: &amp;apos;HKB_INDIA&amp;apos;, ip: &amp;apos;192.168.1.32&amp;apos;
Build info: version: &amp;apos;4.11.0&amp;apos;, revision: &amp;apos;040bc5406b&amp;apos;
System info: os.name: &amp;apos;Windows 11&amp;apos;, os.arch: &amp;apos;amd64&amp;apos;, os.version: &amp;apos;10.0&amp;apos;, java.version: &amp;apos;17.0.7&amp;apos;
Driver info: io.appium.java_client.android.AndroidDriver
Command: [null, newSession {capabilities=[{appium:deviceName=Xiaomi M2006C3MG, platformName=ANDROID, appium:automationName=UIAutomator2, appium:app=C:\Users\hkb-d\eclipse-workspace\AppiumFrameworkDesign1\src\test\java\Resource\app-debug.apk}], desiredCapabilities=Capabilities {appium:app: C:\Users\hkb-d\eclipse-work..., appium:automationName: UIAutomator2, appium:deviceName: Xiaomi M2006C3MG, platformName: ANDROID}}]
Capabilities {appium:app: C:\Users\hkb-d\eclipse-work..., appium:automationName: UIAutomator2, appium:deviceName: Xiaomi M2006C3MG, platformName: ANDROID}">
      <![CDATA[org.openqa.selenium.SessionNotCreatedException: Could not start a new session. Possible causes are invalid address of the remote server or browser start-up failure. 
Host info: host: 'HKB_INDIA', ip: '192.168.1.32'
Build info: version: '4.11.0', revision: '040bc5406b'
System info: os.name: 'Windows 11', os.arch: 'amd64', os.version: '10.0', java.version: '17.0.7'
Driver info: io.appium.java_client.android.AndroidDriver
Command: [null, newSession {capabilities=[{appium:deviceName=Xiaomi M2006C3MG, platformName=ANDROID, appium:automationName=UIAutomator2, appium:app=C:\Users\hkb-d\eclipse-workspace\AppiumFrameworkDesign1\src\test\java\Resource\app-debug.apk}], desiredCapabilities=Capabilities {appium:app: C:\Users\hkb-d\eclipse-work..., appium:automationName: UIAutomator2, appium:deviceName: Xiaomi M2006C3MG, platformName: ANDROID}}]
Capabilities {appium:app: C:\Users\hkb-d\eclipse-work..., appium:automationName: UIAutomator2, appium:deviceName: Xiaomi M2006C3MG, platformName: ANDROID}
at org.openqa.selenium.remote.RemoteWebDriver.execute(RemoteWebDriver.java:536)
at io.appium.java_client.AppiumDriver.startSession(AppiumDriver.java:274)
at org.openqa.selenium.remote.RemoteWebDriver.<init>(RemoteWebDriver.java:159)
at io.appium.java_client.AppiumDriver.<init>(AppiumDriver.java:89)
at io.appium.java_client.AppiumDriver.<init>(AppiumDriver.java:101)
at io.appium.java_client.android.AndroidDriver.<init>(AndroidDriver.java:113)
at hkbdevelopment.appium.BaseTest_HKB.configAppium(BaseTest_HKB.java:34)
at java.base/jdk.internal.reflect.NativeMethodAccessorImpl.invoke0(Native Method)
at java.base/jdk.internal.reflect.NativeMethodAccessorImpl.invoke(NativeMethodAccessorImpl.java:77)
at java.base/jdk.internal.reflect.DelegatingMethodAccessorImpl.invoke(DelegatingMethodAccessorImpl.java:43)
at java.base/java.lang.reflect.Method.invoke(Method.java:568)
at org.testng.internal.invokers.MethodInvocationHelper.invokeMethod(MethodInvocationHelper.java:139)
at org.testng.internal.invokers.MethodInvocationHelper.invokeMethodConsideringTimeout(MethodInvocationHelper.java:69)
at org.testng.internal.invokers.ConfigInvoker.invokeConfigurationMethod(ConfigInvoker.java:361)
at org.testng.internal.invokers.ConfigInvoker.invokeConfigurations(ConfigInvoker.java:296)
at org.testng.internal.invokers.TestMethodWorker.invokeBeforeClassMethods(TestMethodWorker.java:180)
at org.testng.internal.invokers.TestMethodWorker.run(TestMethodWorker.java:122)
at java.base/java.util.ArrayList.forEach(ArrayList.java:1511)
at org.testng.TestRunner.privateRun(TestRunner.java:829)
at org.testng.TestRunner.run(TestRunner.java:602)
at org.testng.SuiteRunner.runTest(SuiteRunner.java:437)
at org.testng.SuiteRunner.runSequentially(SuiteRunner.java:431)
at org.testng.SuiteRunner.privateRun(SuiteRunner.java:391)
at org.testng.SuiteRunner.run(SuiteRunner.java:330)
at org.testng.SuiteRunnerWorker.runSuite(SuiteRunnerWorker.java:52)
at org.testng.SuiteRunnerWorker.run(SuiteRunnerWorker.java:95)
at org.testng.TestNG.runSuitesSequentially(TestNG.java:1256)
at org.testng.TestNG.runSuitesLocally(TestNG.java:1176)
at org.testng.TestNG.runSuites(TestNG.java:1099)
at org.testng.TestNG.run(TestNG.java:1067)
at org.testng.remote.AbstractRemoteTestNG.run(AbstractRemoteTestNG.java:115)
at org.testng.remote.RemoteTestNG.initAndRun(RemoteTestNG.java:251)
at org.testng.remote.RemoteTestNG.main(RemoteTestNG.java:77)
Caused by: java.lang.NoSuchMethodError: 'java.lang.String org.openqa.selenium.json.Json.toJson(java.lang.Object, int)'
at org.openqa.selenium.remote.NewSessionPayload.create(NewSessionPayload.java:126)
at org.openqa.selenium.remote.NewSessionPayload.create(NewSessionPayload.java:111)
at org.openqa.selenium.remote.NewSessionPayload.create(NewSessionPayload.java:105)
at io.appium.java_client.remote.AppiumProtocolHandshake.createSession(AppiumProtocolHandshake.java:101)
at io.appium.java_client.remote.AppiumCommandExecutor.createSession(AppiumCommandExecutor.java:182)
at io.appium.java_client.remote.AppiumCommandExecutor.execute(AppiumCommandExecutor.java:250)
at org.openqa.selenium.remote.RemoteWebDriver.execute(RemoteWebDriver.java:518)
... 32 more
]]>
    </failure>
  </testcase> <!-- @BeforeClass configAppium -->
  <testcase classname="hkbdevelopment.appium.BaseTest_HKB" name="@AfterClass tearDown" time="0.0">
    <skipped/>
  </testcase> <!-- @AfterClass tearDown -->
  <testcase classname="hkbdevelopment.HKB_Login_Test" name="Login_PositiveTest" time="0.0">
    <skipped/>
  </testcase> <!-- Login_PositiveTest -->
</testsuite> <!-- Default test -->
