<?xml version="1.0" encoding="UTF-8"?>
<!-- Generated by org.testng.reporters.JUnitXMLReporter -->
<testsuite ignored="1" hostname="HKB_INDIA" failures="0" tests="1" name="HKB Login Test(failed)" time="20.905" errors="0" timestamp="2023-06-28T11:04:52 IST">
  <testcase classname="hkbdevelopment.HKB_Login_Test" name="Login_PositiveTest" time="2.376"/>
  <testcase classname="hkbdevelopment.HKB_Login_Test" name="Login_NegativeTest" time="0.0">
    <ignored/>
  </testcase> <!-- Login_NegativeTest -->
</testsuite> <!-- HKB Login Test(failed) -->
